mode: set
github.com/Sylamsh/kata-exercises/passwordValidation.go:15.54,17.23 2 1
github.com/Sylamsh/kata-exercises/passwordValidation.go:17.23,19.3 1 1
github.com/Sylamsh/kata-exercises/passwordValidation.go:20.2,20.31 1 1
github.com/Sylamsh/kata-exercises/passwordValidation.go:20.31,23.3 2 1
github.com/Sylamsh/kata-exercises/passwordValidation.go:24.2,24.37 1 1
github.com/Sylamsh/kata-exercises/passwordValidation.go:24.37,27.3 2 1
github.com/Sylamsh/kata-exercises/passwordValidation.go:28.2,28.37 1 1
github.com/Sylamsh/kata-exercises/passwordValidation.go:28.37,31.3 2 1
github.com/Sylamsh/kata-exercises/passwordValidation.go:32.2,32.16 1 1
github.com/Sylamsh/kata-exercises/passwordValidation.go:32.16,34.3 1 1
github.com/Sylamsh/kata-exercises/passwordValidation.go:35.2,35.18 1 1
github.com/Sylamsh/kata-exercises/passwordValidation.go:39.43,41.32 2 1
github.com/Sylamsh/kata-exercises/passwordValidation.go:41.32,42.22 1 1
github.com/Sylamsh/kata-exercises/passwordValidation.go:42.22,44.4 1 1
github.com/Sylamsh/kata-exercises/passwordValidation.go:46.2,46.21 1 1
github.com/Sylamsh/kata-exercises/passwordValidation.go:49.45,50.28 1 1
github.com/Sylamsh/kata-exercises/passwordValidation.go:50.28,51.33 1 1
github.com/Sylamsh/kata-exercises/passwordValidation.go:51.33,53.4 1 1
github.com/Sylamsh/kata-exercises/passwordValidation.go:55.2,55.14 1 1
github.com/Sylamsh/kata-exercises/passwordValidation.go:58.45,59.28 1 1
github.com/Sylamsh/kata-exercises/passwordValidation.go:59.28,60.53 1 1
github.com/Sylamsh/kata-exercises/passwordValidation.go:60.53,62.4 1 1
github.com/Sylamsh/kata-exercises/passwordValidation.go:64.2,64.14 1 1
github.com/Sylamsh/kata-exercises/passwordValidation.go:68.29,71.2 2 1
github.com/Sylamsh/kata-exercises/passwordValidation.go:73.47,74.16 1 1
github.com/Sylamsh/kata-exercises/passwordValidation.go:74.16,76.3 1 1
github.com/Sylamsh/kata-exercises/passwordValidation.go:77.2,77.13 1 1
