mode: set
github.com/Sylamsh/kata-exercises/kata_4-Search/searchCities.go:7.48,9.24 2 1
github.com/Sylamsh/kata-exercises/kata_4-Search/searchCities.go:9.24,11.3 1 1
github.com/Sylamsh/kata-exercises/kata_4-Search/searchCities.go:12.2,12.26 1 1
github.com/Sylamsh/kata-exercises/kata_4-Search/searchCities.go:12.26,14.3 1 1
github.com/Sylamsh/kata-exercises/kata_4-Search/searchCities.go:15.2,15.33 1 1
github.com/Sylamsh/kata-exercises/kata_4-Search/searchCities.go:15.33,16.76 1 1
github.com/Sylamsh/kata-exercises/kata_4-Search/searchCities.go:16.76,18.4 1 1
github.com/Sylamsh/kata-exercises/kata_4-Search/searchCities.go:20.2,20.23 1 1
